<?xml version="1.0" encoding="UTF-8"?>
<!-- Generated by org.testng.reporters.JUnitReportReporter -->
<testsuite skipped="0" hostname="DESKTOP-ODNDU34" name="testProject.TellUsTestCase" tests="2" failures="0" timestamp="23 Mar 2019 15:02:49 GMT" time="33.464" errors="0">
  <testcase name="tellUsreadMainHeadsTestCase" time="21.596" classname="testProject.TellUsTestCase"/>
  <testcase name="tellUsTitleTestCase" time="11.868" classname="testProject.TellUsTestCase"/>
</testsuite> <!-- testProject.TellUsTestCase -->
