<?xml version="1.0" encoding="UTF-8"?>
<!-- Generated by org.testng.reporters.JUnitReportReporter -->
<testsuite skipped="0" hostname="DESKTOP-ODNDU34" name="testProject.HomepageTestCase" tests="3" failures="0" timestamp="23 Mar 2019 15:02:49 GMT" time="53.225" errors="0">
  <testcase name="homePageUrlTestCase" time="14.297" classname="testProject.HomepageTestCase"/>
  <testcase name="homePageTitleTestCase" time="22.402" classname="testProject.HomepageTestCase"/>
  <testcase name="clickOnLearnMoreTestCase" time="16.526" classname="testProject.HomepageTestCase"/>
</testsuite> <!-- testProject.HomepageTestCase -->
