<?xml version="1.0" encoding="UTF-8"?>
<!-- Generated by org.testng.reporters.JUnitReportReporter -->
<testsuite skipped="0" hostname="DESKTOP-ODNDU34" name="testProject.TestCase01" tests="2" failures="0" timestamp="22 Mar 2019 14:52:52 GMT" time="16.767" errors="0">
  <testcase name="closeapp" time="0.011" classname="testProject.TestCase01"/>
  <testcase name="openapp" time="16.756" classname="testProject.TestCase01"/>
</testsuite> <!-- testProject.TestCase01 -->
