<?xml version="1.0" encoding="UTF-8"?>
<!-- Generated by org.testng.reporters.JUnitReportReporter -->
<testsuite skipped="0" hostname="DESKTOP-ODNDU34" name="testProject.TellUsPageTestCase" tests="2" failures="0" timestamp="23 Mar 2019 10:04:31 GMT" time="46.783" errors="0">
  <testcase name="readMainHeadsTestCase" time="16.235" classname="testProject.TellUsPageTestCase"/>
  <testcase name="learnMoreTitleTestCase" time="30.548" classname="testProject.TellUsPageTestCase"/>
</testsuite> <!-- testProject.TellUsPageTestCase -->
