<?xml version="1.0" encoding="UTF-8"?>
<!-- Generated by org.testng.reporters.JUnitReportReporter -->
<testsuite skipped="0" hostname="DESKTOP-ODNDU34" name="testProject.LearnMoreTestCase" tests="2" failures="0" timestamp="24 Mar 2019 11:26:02 GMT" time="41.950" errors="0">
  <testcase name="readMainHeadsTestCase" time="28.365" classname="testProject.LearnMoreTestCase"/>
  <testcase name="learnMoreTitleTestCase" time="13.585" classname="testProject.LearnMoreTestCase"/>
</testsuite> <!-- testProject.LearnMoreTestCase -->
