<?xml version="1.0" encoding="UTF-8"?>
<!-- Generated by org.testng.reporters.JUnitReportReporter -->
<testsuite skipped="0" hostname="DESKTOP-ODNDU34" name="testProject.HomepageTestCase" tests="3" failures="0" timestamp="23 Mar 2019 10:20:53 GMT" time="42.315" errors="0">
  <testcase name="clickOnLearnMoreTestCase" time="15.689" classname="testProject.HomepageTestCase"/>
  <testcase name="homePageTitleTestCase" time="12.843" classname="testProject.HomepageTestCase"/>
  <testcase name="homePageUrlTestCase" time="13.783" classname="testProject.HomepageTestCase"/>
</testsuite> <!-- testProject.HomepageTestCase -->
