<?xml version="1.0" encoding="UTF-8"?>
<!-- Generated by org.testng.reporters.JUnitReportReporter -->
<testsuite skipped="0" hostname="DESKTOP-ODNDU34" name="testProject.LearnMoreTestCase" tests="2" failures="0" timestamp="23 Mar 2019 10:20:53 GMT" time="35.699" errors="0">
  <testcase name="learnMoreTitleTestCase" time="17.951" classname="testProject.LearnMoreTestCase"/>
  <testcase name="readMainHeadsTestCase" time="17.748" classname="testProject.LearnMoreTestCase"/>
</testsuite> <!-- testProject.LearnMoreTestCase -->
