<?xml version="1.0" encoding="UTF-8"?>
<!-- Generated by org.testng.reporters.JUnitReportReporter -->
<testsuite skipped="0" hostname="DESKTOP-ODNDU34" name="testProject.TestCase01" tests="2" failures="0" timestamp="22 Mar 2019 14:28:40 GMT" time="11.829" errors="0">
  <testcase name="closeapp" time="0.008" classname="testProject.TestCase01"/>
  <testcase name="openapp" time="11.821" classname="testProject.TestCase01"/>
</testsuite> <!-- testProject.TestCase01 -->
