<?xml version="1.0" encoding="UTF-8"?>
<!-- Generated by org.testng.reporters.JUnitReportReporter -->
<testsuite skipped="0" hostname="DESKTOP-ODNDU34" name="testProject.TellUsTestCase" tests="2" failures="0" timestamp="23 Mar 2019 10:20:53 GMT" time="30.989" errors="0">
  <testcase name="learnMoreTitleTestCase" time="15.828" classname="testProject.TellUsTestCase"/>
  <testcase name="readMainHeadsTestCase" time="15.161" classname="testProject.TellUsTestCase"/>
</testsuite> <!-- testProject.TellUsTestCase -->
